android/build/intermediates/manifest_merge_blame_file/debug/processDebugManifest/manifest-merger-blame-debug-report.txt
1<?xml version="1.0" encoding="utf-8"?>
2<manifest xmlns:android="http://schemas.android.com/apk/res/android"
3    package="com.audiowaveform" >
4
5    <uses-sdk android:minSdkVersion="24" />
6
7    <uses-permission android:name="android.permission.READ_EXTERNAL_STORAGE" />
7-->src/main/AndroidManifest.xml:5:5-80
7-->src/main/AndroidManifest.xml:5:22-77
8    <uses-permission android:name="android.permission.INTERNET" />
8-->src/main/AndroidManifest.xml:6:5-67
8-->src/main/AndroidManifest.xml:6:22-64
9    <uses-permission android:name="android.permission.READ_MEDIA_AUDIO" />
9-->src/main/AndroidManifest.xml:7:5-75
9-->src/main/AndroidManifest.xml:7:22-72
10
11    <application>
11-->src/main/AndroidManifest.xml:9:5-11:19
12
13        <!-- 应用配置 -->
14    </application>
15
16</manifest>